<?xml version="1.0" encoding="UTF-8"?>
<!-- Generated by org.testng.reporters.JUnitReportReporter -->
<testsuite skipped="0" hostname="VE040216C63" name="tests.LoginTest" tests="1" failures="0" timestamp="17 Oct 2018 14:30:16 GMT" time="16.022" errors="0">
  <testcase name="VerifyLogin" time="16.022" classname="tests.LoginTest"/>
</testsuite> <!-- tests.LoginTest -->
